1716272622887|0|statement|connection 192|url jdbc:h2:mem:database|     drop table if exists member cascade |     drop table if exists member cascade 
1716272622888|0|statement|connection 192|url jdbc:h2:mem:database|     drop table if exists reservation cascade |     drop table if exists reservation cascade 
1716272622888|0|statement|connection 192|url jdbc:h2:mem:database|     drop table if exists theme cascade |     drop table if exists theme cascade 
1716272622888|0|statement|connection 192|url jdbc:h2:mem:database|     drop table if exists time cascade |     drop table if exists time cascade 
1716272622888|0|statement|connection 192|url jdbc:h2:mem:database|     drop table if exists waiting cascade |     drop table if exists waiting cascade 
1716272622898|0|statement|connection 193|url jdbc:h2:mem:database|     drop table if exists member cascade |     drop table if exists member cascade 
1716272622898|0|statement|connection 193|url jdbc:h2:mem:database|     drop table if exists reservation cascade |     drop table if exists reservation cascade 
1716272622898|0|statement|connection 193|url jdbc:h2:mem:database|     drop table if exists theme cascade |     drop table if exists theme cascade 
1716272622898|0|statement|connection 193|url jdbc:h2:mem:database|     drop table if exists time cascade |     drop table if exists time cascade 
1716272622898|0|statement|connection 193|url jdbc:h2:mem:database|     drop table if exists waiting cascade |     drop table if exists waiting cascade 
1716279277898|0|statement|connection 238|url jdbc:h2:mem:database|     drop table if exists member cascade |     drop table if exists member cascade 
1716279277899|0|statement|connection 238|url jdbc:h2:mem:database|     drop table if exists reservation cascade |     drop table if exists reservation cascade 
1716279277899|0|statement|connection 238|url jdbc:h2:mem:database|     drop table if exists theme cascade |     drop table if exists theme cascade 
1716279277899|0|statement|connection 238|url jdbc:h2:mem:database|     drop table if exists time cascade |     drop table if exists time cascade 
1716279277900|0|statement|connection 238|url jdbc:h2:mem:database|     drop table if exists waiting cascade |     drop table if exists waiting cascade 
1716279277915|0|statement|connection 239|url jdbc:h2:mem:database|     drop table if exists member cascade |     drop table if exists member cascade 
1716279277915|0|statement|connection 239|url jdbc:h2:mem:database|     drop table if exists reservation cascade |     drop table if exists reservation cascade 
1716279277915|0|statement|connection 239|url jdbc:h2:mem:database|     drop table if exists theme cascade |     drop table if exists theme cascade 
1716279277915|0|statement|connection 239|url jdbc:h2:mem:database|     drop table if exists time cascade |     drop table if exists time cascade 
1716279277915|0|statement|connection 239|url jdbc:h2:mem:database|     drop table if exists waiting cascade |     drop table if exists waiting cascade 
1716280671263|0|statement|connection 195|url jdbc:h2:mem:database|     drop table if exists member cascade |     drop table if exists member cascade 
1716280671265|0|statement|connection 195|url jdbc:h2:mem:database|     drop table if exists reservation cascade |     drop table if exists reservation cascade 
1716280671265|0|statement|connection 195|url jdbc:h2:mem:database|     drop table if exists theme cascade |     drop table if exists theme cascade 
1716280671266|0|statement|connection 195|url jdbc:h2:mem:database|     drop table if exists time cascade |     drop table if exists time cascade 
1716280671266|0|statement|connection 195|url jdbc:h2:mem:database|     drop table if exists waiting cascade |     drop table if exists waiting cascade 
1716280671276|0|statement|connection 196|url jdbc:h2:mem:database|     drop table if exists member cascade |     drop table if exists member cascade 
1716280671277|0|statement|connection 196|url jdbc:h2:mem:database|     drop table if exists reservation cascade |     drop table if exists reservation cascade 
1716280671277|0|statement|connection 196|url jdbc:h2:mem:database|     drop table if exists theme cascade |     drop table if exists theme cascade 
1716280671277|0|statement|connection 196|url jdbc:h2:mem:database|     drop table if exists time cascade |     drop table if exists time cascade 
1716280671277|0|statement|connection 196|url jdbc:h2:mem:database|     drop table if exists waiting cascade |     drop table if exists waiting cascade 
1716281560874|0|statement|connection 216|url jdbc:h2:mem:database|     drop table if exists member cascade |     drop table if exists member cascade 
1716281560876|0|statement|connection 216|url jdbc:h2:mem:database|     drop table if exists reservation cascade |     drop table if exists reservation cascade 
1716281560876|0|statement|connection 216|url jdbc:h2:mem:database|     drop table if exists theme cascade |     drop table if exists theme cascade 
1716281560876|0|statement|connection 216|url jdbc:h2:mem:database|     drop table if exists time cascade |     drop table if exists time cascade 
1716281560877|0|statement|connection 216|url jdbc:h2:mem:database|     drop table if exists waiting cascade |     drop table if exists waiting cascade 
1716281560889|0|statement|connection 217|url jdbc:h2:mem:database|     drop table if exists member cascade |     drop table if exists member cascade 
1716281560889|0|statement|connection 217|url jdbc:h2:mem:database|     drop table if exists reservation cascade |     drop table if exists reservation cascade 
1716281560889|0|statement|connection 217|url jdbc:h2:mem:database|     drop table if exists theme cascade |     drop table if exists theme cascade 
1716281560890|0|statement|connection 217|url jdbc:h2:mem:database|     drop table if exists time cascade |     drop table if exists time cascade 
1716281560890|0|statement|connection 217|url jdbc:h2:mem:database|     drop table if exists waiting cascade |     drop table if exists waiting cascade 
1716290353300|0|statement|connection 216|url jdbc:h2:mem:database|     drop table if exists member cascade |     drop table if exists member cascade 
1716290353301|0|statement|connection 216|url jdbc:h2:mem:database|     drop table if exists reservation cascade |     drop table if exists reservation cascade 
1716290353301|0|statement|connection 216|url jdbc:h2:mem:database|     drop table if exists theme cascade |     drop table if exists theme cascade 
1716290353301|0|statement|connection 216|url jdbc:h2:mem:database|     drop table if exists time cascade |     drop table if exists time cascade 
1716290353302|0|statement|connection 216|url jdbc:h2:mem:database|     drop table if exists waiting cascade |     drop table if exists waiting cascade 
1716290353313|0|statement|connection 217|url jdbc:h2:mem:database|     drop table if exists member cascade |     drop table if exists member cascade 
1716290353313|0|statement|connection 217|url jdbc:h2:mem:database|     drop table if exists reservation cascade |     drop table if exists reservation cascade 
1716290353313|0|statement|connection 217|url jdbc:h2:mem:database|     drop table if exists theme cascade |     drop table if exists theme cascade 
1716290353313|0|statement|connection 217|url jdbc:h2:mem:database|     drop table if exists time cascade |     drop table if exists time cascade 
1716290353313|0|statement|connection 217|url jdbc:h2:mem:database|     drop table if exists waiting cascade |     drop table if exists waiting cascade 
1716290430419|0|statement|connection 216|url jdbc:h2:mem:database|     drop table if exists member cascade |     drop table if exists member cascade 
1716290430419|0|statement|connection 216|url jdbc:h2:mem:database|     drop table if exists reservation cascade |     drop table if exists reservation cascade 
1716290430419|0|statement|connection 216|url jdbc:h2:mem:database|     drop table if exists theme cascade |     drop table if exists theme cascade 
1716290430419|0|statement|connection 216|url jdbc:h2:mem:database|     drop table if exists time cascade |     drop table if exists time cascade 
1716290430419|0|statement|connection 216|url jdbc:h2:mem:database|     drop table if exists waiting cascade |     drop table if exists waiting cascade 
1716290723101|0|statement|connection 217|url jdbc:h2:mem:database|     drop table if exists member cascade |     drop table if exists member cascade 
1716290723101|0|statement|connection 217|url jdbc:h2:mem:database|     drop table if exists reservation cascade |     drop table if exists reservation cascade 
1716290723101|0|statement|connection 217|url jdbc:h2:mem:database|     drop table if exists theme cascade |     drop table if exists theme cascade 
1716290723102|0|statement|connection 217|url jdbc:h2:mem:database|     drop table if exists time cascade |     drop table if exists time cascade 
1716290723102|0|statement|connection 217|url jdbc:h2:mem:database|     drop table if exists waiting cascade |     drop table if exists waiting cascade 
1716290723113|0|statement|connection 218|url jdbc:h2:mem:database|     drop table if exists member cascade |     drop table if exists member cascade 
1716290723113|0|statement|connection 218|url jdbc:h2:mem:database|     drop table if exists reservation cascade |     drop table if exists reservation cascade 
1716290723113|0|statement|connection 218|url jdbc:h2:mem:database|     drop table if exists theme cascade |     drop table if exists theme cascade 
1716290723113|0|statement|connection 218|url jdbc:h2:mem:database|     drop table if exists time cascade |     drop table if exists time cascade 
1716290723113|0|statement|connection 218|url jdbc:h2:mem:database|     drop table if exists waiting cascade |     drop table if exists waiting cascade 
1716291019170|0|statement|connection 217|url jdbc:h2:mem:database|     drop table if exists member cascade |     drop table if exists member cascade 
1716291019171|0|statement|connection 217|url jdbc:h2:mem:database|     drop table if exists reservation cascade |     drop table if exists reservation cascade 
1716291019172|0|statement|connection 217|url jdbc:h2:mem:database|     drop table if exists theme cascade |     drop table if exists theme cascade 
1716291019172|0|statement|connection 217|url jdbc:h2:mem:database|     drop table if exists time cascade |     drop table if exists time cascade 
1716291019172|0|statement|connection 217|url jdbc:h2:mem:database|     drop table if exists waiting cascade |     drop table if exists waiting cascade 
1716291019182|0|statement|connection 218|url jdbc:h2:mem:database|     drop table if exists member cascade |     drop table if exists member cascade 
1716291019183|0|statement|connection 218|url jdbc:h2:mem:database|     drop table if exists reservation cascade |     drop table if exists reservation cascade 
1716291019183|0|statement|connection 218|url jdbc:h2:mem:database|     drop table if exists theme cascade |     drop table if exists theme cascade 
1716291019183|0|statement|connection 218|url jdbc:h2:mem:database|     drop table if exists time cascade |     drop table if exists time cascade 
1716291019183|0|statement|connection 218|url jdbc:h2:mem:database|     drop table if exists waiting cascade |     drop table if exists waiting cascade 
1716291072400|0|statement|connection 217|url jdbc:h2:mem:database|     drop table if exists member cascade |     drop table if exists member cascade 
1716291072402|0|statement|connection 217|url jdbc:h2:mem:database|     drop table if exists reservation cascade |     drop table if exists reservation cascade 
1716291072402|0|statement|connection 217|url jdbc:h2:mem:database|     drop table if exists theme cascade |     drop table if exists theme cascade 
1716291072402|0|statement|connection 217|url jdbc:h2:mem:database|     drop table if exists time cascade |     drop table if exists time cascade 
1716291072402|0|statement|connection 217|url jdbc:h2:mem:database|     drop table if exists waiting cascade |     drop table if exists waiting cascade 
1716291072413|0|statement|connection 218|url jdbc:h2:mem:database|     drop table if exists member cascade |     drop table if exists member cascade 
1716291072414|0|statement|connection 218|url jdbc:h2:mem:database|     drop table if exists reservation cascade |     drop table if exists reservation cascade 
1716291072414|0|statement|connection 218|url jdbc:h2:mem:database|     drop table if exists theme cascade |     drop table if exists theme cascade 
1716291072414|0|statement|connection 218|url jdbc:h2:mem:database|     drop table if exists time cascade |     drop table if exists time cascade 
1716291072414|0|statement|connection 218|url jdbc:h2:mem:database|     drop table if exists waiting cascade |     drop table if exists waiting cascade 
1716291310545|0|statement|connection 215|url jdbc:h2:mem:database|     drop table if exists member cascade |     drop table if exists member cascade 
1716291310546|0|statement|connection 215|url jdbc:h2:mem:database|     drop table if exists reservation cascade |     drop table if exists reservation cascade 
1716291310546|0|statement|connection 215|url jdbc:h2:mem:database|     drop table if exists theme cascade |     drop table if exists theme cascade 
1716291310547|0|statement|connection 215|url jdbc:h2:mem:database|     drop table if exists time cascade |     drop table if exists time cascade 
1716291310547|0|statement|connection 215|url jdbc:h2:mem:database|     drop table if exists waiting cascade |     drop table if exists waiting cascade 
1716291469225|0|statement|connection 220|url jdbc:h2:mem:database|     drop table if exists member cascade |     drop table if exists member cascade 
1716291469230|0|statement|connection 220|url jdbc:h2:mem:database|     drop table if exists reservation cascade |     drop table if exists reservation cascade 
1716291469230|0|statement|connection 220|url jdbc:h2:mem:database|     drop table if exists theme cascade |     drop table if exists theme cascade 
1716291469230|0|statement|connection 220|url jdbc:h2:mem:database|     drop table if exists time cascade |     drop table if exists time cascade 
1716291469230|0|statement|connection 220|url jdbc:h2:mem:database|     drop table if exists waiting cascade |     drop table if exists waiting cascade 
1716295691815|0|statement|connection 723|url jdbc:h2:mem:database|     drop table if exists member cascade |     drop table if exists member cascade 
1716295691817|0|statement|connection 723|url jdbc:h2:mem:database|     drop table if exists reservation cascade |     drop table if exists reservation cascade 
1716295691817|0|statement|connection 723|url jdbc:h2:mem:database|     drop table if exists theme cascade |     drop table if exists theme cascade 
1716295691817|0|statement|connection 723|url jdbc:h2:mem:database|     drop table if exists time cascade |     drop table if exists time cascade 
1716295691818|0|statement|connection 723|url jdbc:h2:mem:database|     drop table if exists waiting cascade |     drop table if exists waiting cascade 
